[debug] > Exec(test, None, None)
[debug] Evaluating tasks: Test / test
[debug] Running task... Cancel: Signal, check cycles: false, forcegc: true
[info] compiling 1 Scala source to C:\Users\Acer\IdeaProjects\UT-IT-Group2\target\scala-2.13\test-classes ...
[info] done compiling
[info] PasswordValidatorTest:
[info] Password
[info] - should have all necessary features
[info] - should contain at least one Uppercase Character
[info] - should contain at least one Lowercase Character
[info] - should contain at least one number
[info] - should contain at least one Special Character
[info] - should contain minimum 8 Characters
[info] - should contain maximum 15 Characters
[info] - should not contain any spaces
[info] FactorialValidatorTest:
[info] Number
[info] - should is correct
[info] Number
[info] - should be positive, you entered negative number
[info] PalindromeValidatorTest:
[info] Palindrome
[info] - should be palindrome
[info] - should not be palindrome
[info] PalindromeImplTest:
[info] Palindrome
[info] - should return true
[info] - should return false
[info] FactorialImplTest:
[info] Factorial
[info] - should pass
[info] - should not be negative
[info] PasswordImplTest:
[info] Password
[info] - should be correct
[info] - should not be correct because of spacing
[info] - should not be correct because there must be atleast one number
[info] - should not be correct because there must be atleast one lowercase
[info] - should not be correct because there must be atleast one uppercase character
[info] - should not be correct because there must be atleast one special character
[info] - should not be correct because there must be atleast 8 characters
[info] - should not be correct because there must be atmost 15 characters
[info] Run completed in 12 seconds, 316 milliseconds.
[info] Total number of tests run: 24
[info] Suites: completed 6, aborted 0
[info] Tests: succeeded 24, failed 0, canceled 0, ignored 0, pending 0
[info] All tests passed.
[debug] Forcing garbage collection...
[success] Total time: 102 s (01:42), completed Jan 31, 2021, 12:54:29 AM
[debug] > Exec(idea-shell, None, None)
[warn] In the last 108 seconds, 10.24 (9.5%) were spent in GC. [Heap: 0.12GB free of 0.18GB, max 1.50GB] Consider increasing the JVM heap using `-Xmx` or try a different collector, e.g. `-XX:+UseG1GC`, for better performance.
